<?xml version="1.0" encoding="UTF-8"?>
<!-- Generated by org.testng.reporters.JUnitReportReporter -->
<testsuite hostname="DESKTOP-05FA7KN" failures="0" tests="1" name="Test.TC005_Menubrand" time="97.512" errors="0" timestamp="2024-04-15T14:13:06 GMT-05:00" skipped="0">
  <testcase classname="Test.TC005_Menubrand" name="Menubrand" time="97.512"/>
</testsuite> <!-- Test.TC005_Menubrand -->
