<?xml version="1.0" encoding="UTF-8"?>
<!-- Generated by org.testng.reporters.JUnitReportReporter -->
<testsuite hostname="DESKTOP-05FA7KN" failures="0" tests="1" name="Test.TC003_CartTest" time="59.910" errors="0" timestamp="2024-04-15T11:31:29 GMT-05:00" skipped="0">
  <testcase classname="Test.TC003_CartTest" name="CartPageTest" time="59.910"/>
</testsuite> <!-- Test.TC003_CartTest -->
