<?xml version="1.0" encoding="UTF-8"?>
<!-- Generated by org.testng.reporters.JUnitReportReporter -->
<testsuite hostname="DESKTOP-05FA7KN" failures="0" tests="1" name="Test.TC008_Menuvalidation" time="57.510" errors="0" timestamp="2024-04-15T15:05:26 GMT-05:00" skipped="0">
  <testcase classname="Test.TC008_Menuvalidation" name="MenuPage" time="57.510"/>
</testsuite> <!-- Test.TC008_Menuvalidation -->
