<?xml version="1.0" encoding="UTF-8"?>
<!-- Generated by org.testng.reporters.JUnitReportReporter -->
<testsuite hostname="DESKTOP-05FA7KN" failures="0" tests="1" name="Test.TC007_BottomlinkTest" time="38.865" errors="0" timestamp="2024-04-18T14:35:36 GMT-05:00" skipped="0">
  <testcase classname="Test.TC007_BottomlinkTest" name="Homepage" time="38.865"/>
</testsuite> <!-- Test.TC007_BottomlinkTest -->
