<?xml version="1.0" encoding="UTF-8"?>
<!-- Generated by org.testng.reporters.JUnitReportReporter -->
<testsuite hostname="DESKTOP-05FA7KN" failures="0" tests="1" name="Test.TC002_SigninTest" time="36.011" errors="0" timestamp="2024-04-09T14:06:01 GMT-05:00" skipped="0">
  <testcase classname="Test.TC002_SigninTest" name="SigninTest" time="36.011"/>
</testsuite> <!-- Test.TC002_SigninTest -->
